Arguments: 
  C:\Program Files\nodejs\node.exe C:\Program Files (x86)\Yarn\bin\yarn.js remove material-components-web

PATH: 
  C:\Windows\system32;C:\Windows;C:\Windows\System32\Wbem;C:\Windows\System32\WindowsPowerShell\v1.0\;C:\Program Files\Git\cmd;C:\Program Files (x86)\Yarn\bin\;C:\Program Files\nodejs\;C:\Go\bin;C:\Users\hegar\AppData\Local\Microsoft\WindowsApps;C:\Program Files\Microsoft VS Code\bin;C:\Users\hegar\AppData\Local\Yarn\bin;C:\Users\hegar\AppData\Roaming\npm;C:\Program Files\Docker Toolbox

Yarn version: 
  1.5.1

Node version: 
  8.11.1

Platform: 
  win32 x64

npm manifest: 
  {
    "name": "telematica_net",
    "version": "1.0.0",
    "description": "",
    "main": "./dist/index.js",
    "scripts": {
      "test": "echo \"Error: no test specified\" && exit 1",
      "build": "tsc && node ."
    },
    "author": "",
    "license": "ISC",
    "dependencies": {
      "@types/express": "^4.11.1",
      "@types/helmet": "0.0.37",
      "@types/morgan": "^1.7.35",
      "@types/node": "^9.6.6",
      "@types/nunjucks": "^3.0.0",
      "express": "^4.16.3",
      "helmet": "^3.12.0",
      "material-components-web": "^0.33.0",
      "morgan": "^1.9.0",
      "nunjucks": "^3.1.2"
    }
  }

yarn manifest: 
  No manifest

Lockfile: 
  No lockfile

Trace: 
  Error: No lockfile in this directory. Run `yarn install` to generate one.
      at new MessageError (C:\Program Files (x86)\Yarn\lib\cli.js:186:110)
      at C:\Program Files (x86)\Yarn\lib\cli.js:89389:13
      at <anonymous>
